This is emTeX, Version 3.0 [3a] (preloaded format=lplaing 92.6.10)  29 MAR 1995 17:53
**&lplaing.fmt MESSAPP.TEX
(messapp.tex
LaTeX Version 2.09 <25 March 1992>
(twdiss.sty
Document Style `twdiss' <13 Nov 89>, international version <20 Sep 90>.
(twbk12.sty)
\descriptionmargin=\dimen99
\c@part=\count79
\c@chapter=\count80
\c@section=\count81
\c@subsection=\count82
\c@subsubsection=\count83
\c@paragraph=\count84
\c@subparagraph=\count85
\c@figure=\count86
\c@table=\count87
) (p:\bin\text\emtex\texinput\german.sty
Document Style Option `german' Version 2.4a of 12 Apr 1992
\U@D=\dimen100
)
\tbreite=\skip41
 (messapp.aux)
Kapitel 1.
LaTeX Warning: Reference `messapp' on page 1 undefined on input line 81.

Underfull \hbox (badness 10000) in paragraph at lines 80--82


\hbox(0.0+0.0)x441.01772
.\glue(\rightskip) 0.0


Underfull \hbox (badness 10000) in paragraph at lines 83--92


\hbox(0.0+0.0)x441.01772
.\glue(\rightskip) 0.0

LaTeX Warning: Citation `antares' on page 1 undefined on input line 95.

Underfull \hbox (badness 10000) in paragraph at lines 94--99


\hbox(0.0+0.0)x441.01772
.\glue(\rightskip) 0.0


Underfull \hbox (badness 10000) in paragraph at lines 101--104


\hbox(0.0+0.0)x441.01772
.\glue(\rightskip) 0.0

LaTeX Warning: Citation `Kiene' on page 1 undefined on input line 115.
LaTeX Warning: Citation `Weber89' on page 1 undefined on input line 117.
LaTeX Warning: Citation `Dietze' on page 1 undefined on input line 117.

Underfull \hbox (badness 10000) in paragraph at lines 115--119


\hbox(0.0+0.0)x441.01772
.\glue(\rightskip) 0.0

[1


]
LaTeX Warning: Reference `messapp' on page 2 undefined on input line 135.

Underfull \hbox (badness 10000) in paragraph at lines 134--143


\hbox(0.0+0.0)x441.01772
.\glue(\rightskip) 0.0


Underfull \hbox (badness 10000) in paragraph at lines 144--153


\hbox(0.0+0.0)x441.01772
.\glue(\rightskip) 0.0


Overfull \hbox (3.91663pt too wide) has occurred while \output is active
$[]$

\hbox(8.2+1.9999)x441.01772
.\mathon
.\vbox(8.2+1.9999)x444.93434
..\hbox(8.2+0.0)x444.93434
...\glue 3.91663 plus 1.95831 minus 1.30554
...\hbox(8.2+0.0)x441.01772, glue set 172.96481fill []
..\kern1.19994
..\rule(0.39998+0.0)x*
.\mathoff

[2]
LaTeX Warning: Citation `Schreiber' on page 3 undefined on input line 160.

Underfull \hbox (badness 10000) in paragraph at lines 154--161


\hbox(0.0+0.0)x441.01772
.\glue(\rightskip) 0.0

LaTeX Warning: Citation `Schicht' on page 3 undefined on input line 181.

Underfull \hbox (badness 10000) in paragraph at lines 162--182


\hbox(0.0+0.0)x441.01772
.\glue(\rightskip) 0.0

LaTeX Warning: Reference `sysant' on page 3 undefined on input line 184.

Underfull \hbox (badness 10000) in paragraph at lines 184--195


\hbox(0.0+0.0)x441.01772
.\glue(\rightskip) 0.0

LaTeX Warning: Citation `Langer' on page 3 undefined on input line 200.

Underfull \hbox (badness 10000) in paragraph at lines 197--201


\hbox(0.0+0.0)x441.01772
.\glue(\rightskip) 0.0


Underfull \vbox (badness 2376) has occurred while \output is active
\vbox(665.40283+0.0)x441.01772, glue set 2.87836
.\glue(\topskip) 1.66669
.\hbox(8.33331+2.33331)x441.01772, glue set 126.55153fil
..\twlrm d
..\twlrm e
..\twlrm r
..\glue 3.91663 plus 1.95831 minus 1.30554
..\twlrm S
..etc.
.\penalty 150
.\glue(\baselineskip) 14.05176
.\hbox(0.0+0.0)x441.01772
..\glue(\rightskip) 0.0
.etc.


Overfull \hbox (2.61108pt too wide) has occurred while \output is active
 $[]$

\hbox(8.33331+1.9999)x441.01772, glue set - 1.0
.\glue 3.91663 plus 1.95831 minus 1.30554
.\mathon
.\vbox(8.33331+1.9999)x441.01772
..\hbox(8.33331+0.0)x441.01772
...\hbox(8.33331+0.0)x441.01772, glue set 233.00314fill []
..\kern1.19994
..\rule(0.39998+0.0)x*
.\mathoff

[3]
Overfull \hbox (3.91663pt too wide) has occurred while \output is active
$[]$

\hbox(8.2+1.9999)x441.01772
.\mathon
.\vbox(8.2+1.9999)x444.93434
..\hbox(8.2+0.0)x444.93434
...\glue 3.91663 plus 1.95831 minus 1.30554
...\hbox(8.2+0.0)x441.01772, glue set 172.96481fill []
..\kern1.19994
..\rule(0.39998+0.0)x*
.\mathoff

[4] (messapp.aux) ) 
Here is how much of TeX's memory you used:
 339 strings out of 6965
 3138 string characters out of 13278
 37192 words of memory out of 65533
 2291 multiletter control sequences out of 3500
 19304 words of font info for 73 fonts, out of 32766 for 127
 0 hyphenation exceptions out of 307
 13i,9n,18p,172b,293s stack positions out of 200i,40n,60p,1024b,600s

Output written on messapp.dvi (4 pages, 10896 bytes).
